1619511368214	geckodriver	INFO	Listening on 127.0.0.1:55140
1619511371264	mozrunner::runner	INFO	Running command: "C:\\Program Files\\Mozilla Firefox\\firefox.exe" "--marionette" "--headless" "--window-size=1920,1080" "-foreground" "-no-remote" "-profile" "C:\\Users\\PC-Casa\\AppData\\Local\\Temp\\rust_mozprofileO2qmLf"
*** You are running in headless mode.
1619511371707	Marionette	INFO	Marionette enabled
console.warn: SearchSettings: "get: No settings file exists, new profile?" (new Error("", "(unknown module)"))
1619511373350	Marionette	INFO	Listening on port 55148
1619511373473	Marionette	WARN	TLS certificate errors will be ignored for this session
JavaScript error: , line 0: AbortError: The fetching process for the media resource was aborted by the user agent at the user's request.
JavaScript error: , line 0: AbortError: The fetching process for the media resource was aborted by the user agent at the user's request.
1619511376218	Marionette	INFO	Stopped listening on port 55148
1619511411833	geckodriver	INFO	Listening on 127.0.0.1:55208
1619511414864	mozrunner::runner	INFO	Running command: "C:\\Program Files\\Mozilla Firefox\\firefox.exe" "--marionette" "--headless" "--window-size=1920,1080" "-foreground" "-no-remote" "-profile" "C:\\Users\\PC-Casa\\AppData\\Local\\Temp\\rust_mozprofileEvZP2a"
*** You are running in headless mode.
1619511415308	Marionette	INFO	Marionette enabled
console.warn: SearchSettings: "get: No settings file exists, new profile?" (new Error("", "(unknown module)"))
1619511416819	Marionette	INFO	Listening on port 55216
1619511416941	Marionette	WARN	TLS certificate errors will be ignored for this session
JavaScript error: , line 0: AbortError: The fetching process for the media resource was aborted by the user agent at the user's request.
JavaScript error: , line 0: AbortError: The fetching process for the media resource was aborted by the user agent at the user's request.
1619511419758	Marionette	INFO	Stopped listening on port 55216
JavaScript error: resource:///actors/ContentMetaChild.jsm, line 179: InvalidStateError: JSWindowActorChild.sendAsyncMessage: JSWindowActorChild cannot send at the moment

###!!! [Child][MessageChannel] Error: (msgtype=0x230032,name=PBrowser::Msg___delete__) Channel closing: too late to send/recv, messages will be lost

1619511518924	geckodriver	INFO	Listening on 127.0.0.1:55314
1619511521994	mozrunner::runner	INFO	Running command: "C:\\Program Files\\Mozilla Firefox\\firefox.exe" "--marionette" "--headless" "--window-size=1920,1080" "-foreground" "-no-remote" "-profile" "C:\\Users\\PC-Casa\\AppData\\Local\\Temp\\rust_mozprofile530GHo"
*** You are running in headless mode.
1619511522456	Marionette	INFO	Marionette enabled
console.warn: SearchSettings: "get: No settings file exists, new profile?" (new Error("", "(unknown module)"))
1619511523702	Marionette	INFO	Listening on port 55322
1619511524088	Marionette	WARN	TLS certificate errors will be ignored for this session
JavaScript error: , line 0: AbortError: The fetching process for the media resource was aborted by the user agent at the user's request.
JavaScript error: , line 0: AbortError: The fetching process for the media resource was aborted by the user agent at the user's request.
1619511526682	Marionette	INFO	Stopped listening on port 55322
1619511587202	geckodriver	INFO	Listening on 127.0.0.1:55386
1619511590236	mozrunner::runner	INFO	Running command: "C:\\Program Files\\Mozilla Firefox\\firefox.exe" "--marionette" "--headless" "--window-size=1920,1080" "-foreground" "-no-remote" "-profile" "C:\\Users\\PC-Casa\\AppData\\Local\\Temp\\rust_mozprofile9FVrgb"
*** You are running in headless mode.
1619511590741	Marionette	INFO	Marionette enabled
console.warn: SearchSettings: "get: No settings file exists, new profile?" (new Error("", "(unknown module)"))
1619511592222	Marionette	INFO	Listening on port 55394
1619511592335	Marionette	WARN	TLS certificate errors will be ignored for this session
JavaScript error: , line 0: AbortError: The fetching process for the media resource was aborted by the user agent at the user's request.
JavaScript error: , line 0: AbortError: The fetching process for the media resource was aborted by the user agent at the user's request.
1619511595277	Marionette	INFO	Stopped listening on port 55394
1619511613634	geckodriver	INFO	Listening on 127.0.0.1:55449
1619511616694	mozrunner::runner	INFO	Running command: "C:\\Program Files\\Mozilla Firefox\\firefox.exe" "--marionette" "--headless" "--window-size=1920,1080" "-foreground" "-no-remote" "-profile" "C:\\Users\\PC-Casa\\AppData\\Local\\Temp\\rust_mozprofileezIn3u"
*** You are running in headless mode.
1619511617151	Marionette	INFO	Marionette enabled
console.warn: SearchSettings: "get: No settings file exists, new profile?" (new Error("", "(unknown module)"))
1619511618412	Marionette	INFO	Listening on port 55457
1619511618782	Marionette	WARN	TLS certificate errors will be ignored for this session
JavaScript error: , line 0: AbortError: The fetching process for the media resource was aborted by the user agent at the user's request.
JavaScript error: , line 0: AbortError: The fetching process for the media resource was aborted by the user agent at the user's request.
1619511621380	Marionette	INFO	Stopped listening on port 55457
1619511645838	geckodriver	INFO	Listening on 127.0.0.1:55514
1619511648913	mozrunner::runner	INFO	Running command: "C:\\Program Files\\Mozilla Firefox\\firefox.exe" "--marionette" "--headless" "--window-size=1920,1080" "-foreground" "-no-remote" "-profile" "C:\\Users\\PC-Casa\\AppData\\Local\\Temp\\rust_mozprofileQy3vb7"
*** You are running in headless mode.
1619511649383	Marionette	INFO	Marionette enabled
console.warn: SearchSettings: "get: No settings file exists, new profile?" (new Error("", "(unknown module)"))
1619511650766	Marionette	INFO	Listening on port 55522
1619511650969	Marionette	WARN	TLS certificate errors will be ignored for this session
JavaScript error: , line 0: AbortError: The fetching process for the media resource was aborted by the user agent at the user's request.
JavaScript error: , line 0: AbortError: The fetching process for the media resource was aborted by the user agent at the user's request.
1619511653609	Marionette	INFO	Stopped listening on port 55522

###!!! [Child][RunMessage] Error: Channel closing: too late to send/recv, messages will be lost

1619511665183	geckodriver	INFO	Listening on 127.0.0.1:55578
1619511668254	mozrunner::runner	INFO	Running command: "C:\\Program Files\\Mozilla Firefox\\firefox.exe" "--marionette" "--headless" "--window-size=1920,1080" "-foreground" "-no-remote" "-profile" "C:\\Users\\PC-Casa\\AppData\\Local\\Temp\\rust_mozprofileN8ATYR"
*** You are running in headless mode.
1619511668695	Marionette	INFO	Marionette enabled
console.warn: SearchSettings: "get: No settings file exists, new profile?" (new Error("", "(unknown module)"))
1619511670065	Marionette	INFO	Listening on port 55586
1619511670339	Marionette	WARN	TLS certificate errors will be ignored for this session
Exiting due to channel error.
Exiting due to channel error.
Exiting due to channel error.
1619512549077	geckodriver	INFO	Listening on 127.0.0.1:50196
1619512552203	mozrunner::runner	INFO	Running command: "C:\\Program Files\\Mozilla Firefox\\firefox.exe" "--marionette" "--headless" "--window-size=1920,1080" "-foreground" "-no-remote" "-profile" "C:\\Users\\PC-Casa\\AppData\\Local\\Temp\\rust_mozprofileIhMP7B"
*** You are running in headless mode.
1619512552733	Marionette	INFO	Marionette enabled
console.warn: SearchSettings: "get: No settings file exists, new profile?" (new Error("", "(unknown module)"))
1619512554238	Marionette	INFO	Listening on port 50205
1619512554290	Marionette	WARN	TLS certificate errors will be ignored for this session
JavaScript error: https://www.idealista.com/inmueble/9150963/, line 300: SyntaxError: expected expression, got ')'
JavaScript error: https://www.idealista.com/inmueble/9150963/, line 1850: SyntaxError: expected expression, got ';'
Exiting due to channel error.
Exiting due to channel error.
Exiting due to channel error.
1619512962374	geckodriver	INFO	Listening on 127.0.0.1:50027
1619512965494	mozrunner::runner	INFO	Running command: "C:\\Program Files\\Mozilla Firefox\\firefox.exe" "--marionette" "--headless" "--window-size=1920,1080" "-foreground" "-no-remote" "-profile" "C:\\Users\\PC-Casa\\AppData\\Local\\Temp\\rust_mozprofileItlNZI"
*** You are running in headless mode.
1619512966000	Marionette	INFO	Marionette enabled
console.warn: SearchSettings: "get: No settings file exists, new profile?" (new Error("", "(unknown module)"))
1619512967426	Marionette	INFO	Listening on port 50037
1619512967582	Marionette	WARN	TLS certificate errors will be ignored for this session
JavaScript error: , line 0: AbortError: The fetching process for the media resource was aborted by the user agent at the user's request.
JavaScript error: , line 0: AbortError: The fetching process for the media resource was aborted by the user agent at the user's request.
1619512970680	Marionette	INFO	Stopped listening on port 50037
1619513001374	geckodriver	INFO	Listening on 127.0.0.1:50099
1619513004434	mozrunner::runner	INFO	Running command: "C:\\Program Files\\Mozilla Firefox\\firefox.exe" "--marionette" "--headless" "--window-size=1920,1080" "-foreground" "-no-remote" "-profile" "C:\\Users\\PC-Casa\\AppData\\Local\\Temp\\rust_mozprofileJlZxKU"
*** You are running in headless mode.
1619513004895	Marionette	INFO	Marionette enabled
console.warn: SearchSettings: "get: No settings file exists, new profile?" (new Error("", "(unknown module)"))
1619513006279	Marionette	INFO	Listening on port 50109
1619513006500	Marionette	WARN	TLS certificate errors will be ignored for this session
JavaScript error: , line 0: AbortError: The fetching process for the media resource was aborted by the user agent at the user's request.
JavaScript error: , line 0: AbortError: The fetching process for the media resource was aborted by the user agent at the user's request.
1619513009483	Marionette	INFO	Stopped listening on port 50109

###!!! [Child][MessageChannel] Error: (msgtype=0x230032,name=PBrowser::Msg___delete__) Channel closing: too late to send/recv, messages will be lost

1619513171544	geckodriver	INFO	Listening on 127.0.0.1:50214
1619513174636	mozrunner::runner	INFO	Running command: "C:\\Program Files\\Mozilla Firefox\\firefox.exe" "--marionette" "--headless" "--window-size=1920,1080" "-foreground" "-no-remote" "-profile" "C:\\Users\\PC-Casa\\AppData\\Local\\Temp\\rust_mozprofileiW84pH"
*** You are running in headless mode.
1619513175179	Marionette	INFO	Marionette enabled
console.warn: SearchSettings: "get: No settings file exists, new profile?" (new Error("", "(unknown module)"))
1619513176656	Marionette	INFO	Listening on port 50222
1619513176706	Marionette	WARN	TLS certificate errors will be ignored for this session
JavaScript error: , line 0: AbortError: The fetching process for the media resource was aborted by the user agent at the user's request.
JavaScript error: , line 0: AbortError: The fetching process for the media resource was aborted by the user agent at the user's request.
1619513179514	Marionette	INFO	Stopped listening on port 50222

###!!! [Child][MessageChannel] Error: (msgtype=0x230032,name=PBrowser::Msg___delete__) Channel closing: too late to send/recv, messages will be lost

1619513199544	geckodriver	INFO	Listening on 127.0.0.1:50282
1619513202608	mozrunner::runner	INFO	Running command: "C:\\Program Files\\Mozilla Firefox\\firefox.exe" "--marionette" "--headless" "--window-size=1920,1080" "-foreground" "-no-remote" "-profile" "C:\\Users\\PC-Casa\\AppData\\Local\\Temp\\rust_mozprofile1OhA4m"
*** You are running in headless mode.
1619513203076	Marionette	INFO	Marionette enabled
console.warn: SearchSettings: "get: No settings file exists, new profile?" (new Error("", "(unknown module)"))
1619513204497	Marionette	INFO	Listening on port 50290
1619513204659	Marionette	WARN	TLS certificate errors will be ignored for this session
JavaScript error: , line 0: AbortError: The fetching process for the media resource was aborted by the user agent at the user's request.
JavaScript error: , line 0: AbortError: The fetching process for the media resource was aborted by the user agent at the user's request.
1619513207632	Marionette	INFO	Stopped listening on port 50290
1619513433124	geckodriver	INFO	Listening on 127.0.0.1:50427
1619513436204	mozrunner::runner	INFO	Running command: "C:\\Program Files\\Mozilla Firefox\\firefox.exe" "--marionette" "--headless" "--window-size=1920,1080" "-foreground" "-no-remote" "-profile" "C:\\Users\\PC-Casa\\AppData\\Local\\Temp\\rust_mozprofilet0kG5a"
*** You are running in headless mode.
1619513436842	Marionette	INFO	Marionette enabled
console.warn: SearchSettings: "get: No settings file exists, new profile?" (new Error("", "(unknown module)"))
1619513438389	Marionette	INFO	Listening on port 50437
1619513438423	Marionette	WARN	TLS certificate errors will be ignored for this session
JavaScript error: , line 0: AbortError: The fetching process for the media resource was aborted by the user agent at the user's request.
JavaScript error: , line 0: AbortError: The fetching process for the media resource was aborted by the user agent at the user's request.
1619513441760	Marionette	INFO	Stopped listening on port 50437

###!!! [Child][MessageChannel] Error: (msgtype=0x230032,name=PBrowser::Msg___delete__) Channel closing: too late to send/recv, messages will be lost

1619513634254	geckodriver	INFO	Listening on 127.0.0.1:50623
1619513637334	mozrunner::runner	INFO	Running command: "C:\\Program Files\\Mozilla Firefox\\firefox.exe" "--marionette" "--headless" "--window-size=1920,1080" "-foreground" "-no-remote" "-profile" "C:\\Users\\PC-Casa\\AppData\\Local\\Temp\\rust_mozprofilegCxaJM"
*** You are running in headless mode.
1619513637804	Marionette	INFO	Marionette enabled
console.warn: SearchSettings: "get: No settings file exists, new profile?" (new Error("", "(unknown module)"))
1619513639305	Marionette	INFO	Listening on port 50631
1619513639421	Marionette	WARN	TLS certificate errors will be ignored for this session
1619513640632	Marionette	INFO	Stopped listening on port 50631
JavaScript error: resource://gre/modules/Sqlite.jsm, line 1030: Error: Sqlite.jsm has been shutdown. Cannot open connection to: C:\Users\PC-Casa\AppData\Local\Temp\rust_mozprofilegCxaJM\protections.sqlite
1619513647524	geckodriver	INFO	Listening on 127.0.0.1:50685
1619513650634	mozrunner::runner	INFO	Running command: "C:\\Program Files\\Mozilla Firefox\\firefox.exe" "--marionette" "--headless" "--window-size=1920,1080" "-foreground" "-no-remote" "-profile" "C:\\Users\\PC-Casa\\AppData\\Local\\Temp\\rust_mozprofileGKfyTD"
*** You are running in headless mode.
1619513651100	Marionette	INFO	Marionette enabled
console.warn: SearchSettings: "get: No settings file exists, new profile?" (new Error("", "(unknown module)"))
1619513652831	Marionette	INFO	Listening on port 50693
1619513653317	Marionette	WARN	TLS certificate errors will be ignored for this session
JavaScript error: , line 0: AbortError: The fetching process for the media resource was aborted by the user agent at the user's request.
JavaScript error: , line 0: AbortError: The fetching process for the media resource was aborted by the user agent at the user's request.
1619513656071	Marionette	INFO	Stopped listening on port 50693
JavaScript error: resource:///actors/ContentMetaChild.jsm, line 179: InvalidStateError: JSWindowActorChild.sendAsyncMessage: JSWindowActorChild cannot send at the moment
1619513683374	geckodriver	INFO	Listening on 127.0.0.1:50754
1619513686440	mozrunner::runner	INFO	Running command: "C:\\Program Files\\Mozilla Firefox\\firefox.exe" "--marionette" "--headless" "--window-size=1920,1080" "-foreground" "-no-remote" "-profile" "C:\\Users\\PC-Casa\\AppData\\Local\\Temp\\rust_mozprofileatzYRT"
*** You are running in headless mode.
1619513686903	Marionette	INFO	Marionette enabled
console.warn: SearchSettings: "get: No settings file exists, new profile?" (new Error("", "(unknown module)"))
1619513688297	Marionette	INFO	Listening on port 50762
1619513688530	Marionette	WARN	TLS certificate errors will be ignored for this session
1619513689676	Marionette	INFO	Stopped listening on port 50762
JavaScript error: resource://gre/modules/Sqlite.jsm, line 1030: Error: Sqlite.jsm has been shutdown. Cannot open connection to: C:\Users\PC-Casa\AppData\Local\Temp\rust_mozprofileatzYRT\protections.sqlite

###!!! [Child][RunMessage] Error: Channel closing: too late to send/recv, messages will be lost

1619513870254	geckodriver	INFO	Listening on 127.0.0.1:50926
1619513873304	mozrunner::runner	INFO	Running command: "C:\\Program Files\\Mozilla Firefox\\firefox.exe" "--marionette" "--headless" "--window-size=1920,1080" "-foreground" "-no-remote" "-profile" "C:\\Users\\PC-Casa\\AppData\\Local\\Temp\\rust_mozprofileMEMLpT"
*** You are running in headless mode.
1619513873753	Marionette	INFO	Marionette enabled
console.warn: SearchSettings: "get: No settings file exists, new profile?" (new Error("", "(unknown module)"))
1619513875093	Marionette	INFO	Listening on port 50935
1619513875378	Marionette	WARN	TLS certificate errors will be ignored for this session
JavaScript error: , line 0: AbortError: The fetching process for the media resource was aborted by the user agent at the user's request.
JavaScript error: , line 0: AbortError: The fetching process for the media resource was aborted by the user agent at the user's request.
1619513878115	Marionette	INFO	Stopped listening on port 50935
1619513905294	geckodriver	INFO	Listening on 127.0.0.1:50987
1619513908393	mozrunner::runner	INFO	Running command: "C:\\Program Files\\Mozilla Firefox\\firefox.exe" "--marionette" "--headless" "--window-size=1920,1080" "-foreground" "-no-remote" "-profile" "C:\\Users\\PC-Casa\\AppData\\Local\\Temp\\rust_mozprofileGpDjRr"
*** You are running in headless mode.
1619513908901	Marionette	INFO	Marionette enabled
console.warn: SearchSettings: "get: No settings file exists, new profile?" (new Error("", "(unknown module)"))
1619513910398	Marionette	INFO	Listening on port 50995
1619513910458	Marionette	WARN	TLS certificate errors will be ignored for this session
1619513911643	Marionette	INFO	Stopped listening on port 50995
1619596504603	geckodriver	INFO	Listening on 127.0.0.1:61253
1619596507683	mozrunner::runner	INFO	Running command: "C:\\Program Files\\Mozilla Firefox\\firefox.exe" "--marionette" "--headless" "--window-size=1920,1080" "-foreground" "-no-remote" "-profile" "C:\\Users\\PC-Casa\\AppData\\Local\\Temp\\rust_mozprofilehGS0sN"
*** You are running in headless mode.
1619596508127	Marionette	INFO	Marionette enabled
console.warn: SearchSettings: "get: No settings file exists, new profile?" (new Error("", "(unknown module)"))
1619596509661	Marionette	INFO	Listening on port 61261
1619596509779	Marionette	WARN	TLS certificate errors will be ignored for this session
JavaScript error: , line 0: AbortError: The fetching process for the media resource was aborted by the user agent at the user's request.
JavaScript error: , line 0: AbortError: The fetching process for the media resource was aborted by the user agent at the user's request.
JavaScript error: , line 0: AbortError: The fetching process for the media resource was aborted by the user agent at the user's request.
1619596512598	Marionette	INFO	Stopped listening on port 61261

###!!! [Child][RunMessage] Error: Channel closing: too late to send/recv, messages will be lost

1619596538283	geckodriver	INFO	Listening on 127.0.0.1:61319
1619596541368	mozrunner::runner	INFO	Running command: "C:\\Program Files\\Mozilla Firefox\\firefox.exe" "--marionette" "--headless" "--window-size=1920,1080" "-foreground" "-no-remote" "-profile" "C:\\Users\\PC-Casa\\AppData\\Local\\Temp\\rust_mozprofile9TFToZ"
*** You are running in headless mode.
1619596541817	Marionette	INFO	Marionette enabled
console.warn: SearchSettings: "get: No settings file exists, new profile?" (new Error("", "(unknown module)"))
1619596543130	Marionette	INFO	Listening on port 61327
1619596543438	Marionette	WARN	TLS certificate errors will be ignored for this session
JavaScript error: , line 0: AbortError: The fetching process for the media resource was aborted by the user agent at the user's request.
JavaScript error: , line 0: AbortError: The fetching process for the media resource was aborted by the user agent at the user's request.
JavaScript error: , line 0: AbortError: The fetching process for the media resource was aborted by the user agent at the user's request.
1619596546063	Marionette	INFO	Stopped listening on port 61327
1619596547872	geckodriver	INFO	Listening on 127.0.0.1:61366
1619596550943	mozrunner::runner	INFO	Running command: "C:\\Program Files\\Mozilla Firefox\\firefox.exe" "--marionette" "--headless" "--window-size=1920,1080" "-foreground" "-no-remote" "-profile" "C:\\Users\\PC-Casa\\AppData\\Local\\Temp\\rust_mozprofilebb30AM"
*** You are running in headless mode.
1619596551428	Marionette	INFO	Marionette enabled
console.warn: SearchSettings: "get: No settings file exists, new profile?" (new Error("", "(unknown module)"))
1619596552718	Marionette	INFO	Listening on port 61375
1619596553049	Marionette	WARN	TLS certificate errors will be ignored for this session
JavaScript error: , line 0: AbortError: The fetching process for the media resource was aborted by the user agent at the user's request.
JavaScript error: , line 0: AbortError: The fetching process for the media resource was aborted by the user agent at the user's request.
JavaScript error: , line 0: AbortError: The fetching process for the media resource was aborted by the user agent at the user's request.
1619596555700	Marionette	INFO	Stopped listening on port 61375

###!!! [Child][MessageChannel] Error: (msgtype=0x230032,name=PBrowser::Msg___delete__) Channel closing: too late to send/recv, messages will be lost

1619599063352	geckodriver	INFO	Listening on 127.0.0.1:62209
1619599066453	mozrunner::runner	INFO	Running command: "C:\\Program Files\\Mozilla Firefox\\firefox.exe" "--marionette" "--headless" "--window-size=1920,1080" "-foreground" "-no-remote" "-profile" "C:\\Users\\PC-Casa\\AppData\\Local\\Temp\\rust_mozprofileSn7zLy"
*** You are running in headless mode.
1619599066907	Marionette	INFO	Marionette enabled
console.warn: SearchSettings: "get: No settings file exists, new profile?" (new Error("", "(unknown module)"))
1619599068432	Marionette	INFO	Listening on port 62217
1619599068537	Marionette	WARN	TLS certificate errors will be ignored for this session
JavaScript error: , line 0: AbortError: The fetching process for the media resource was aborted by the user agent at the user's request.
JavaScript error: , line 0: AbortError: The fetching process for the media resource was aborted by the user agent at the user's request.
JavaScript error: , line 0: AbortError: The fetching process for the media resource was aborted by the user agent at the user's request.
1619599071369	Marionette	INFO	Stopped listening on port 62217
JavaScript error: resource:///actors/ContentMetaChild.jsm, line 179: InvalidStateError: JSWindowActorChild.sendAsyncMessage: JSWindowActorChild cannot send at the moment
1619599073128	geckodriver	INFO	Listening on 127.0.0.1:62272
1619599076193	mozrunner::runner	INFO	Running command: "C:\\Program Files\\Mozilla Firefox\\firefox.exe" "--marionette" "--headless" "--window-size=1920,1080" "-foreground" "-no-remote" "-profile" "C:\\Users\\PC-Casa\\AppData\\Local\\Temp\\rust_mozprofiletLkwS7"
*** You are running in headless mode.
1619599076665	Marionette	INFO	Marionette enabled
console.warn: SearchSettings: "get: No settings file exists, new profile?" (new Error("", "(unknown module)"))
1619599078002	Marionette	INFO	Listening on port 62280
1619599078288	Marionette	WARN	TLS certificate errors will be ignored for this session
JavaScript error: , line 0: AbortError: The fetching process for the media resource was aborted by the user agent at the user's request.
JavaScript error: , line 0: AbortError: The fetching process for the media resource was aborted by the user agent at the user's request.
JavaScript error: , line 0: AbortError: The fetching process for the media resource was aborted by the user agent at the user's request.
1619599081029	Marionette	INFO	Stopped listening on port 62280
1619606955970	geckodriver	INFO	Listening on 127.0.0.1:64954
1619606959045	mozrunner::runner	INFO	Running command: "C:\\Program Files\\Mozilla Firefox\\firefox.exe" "--marionette" "--headless" "--window-size=1920,1080" "-foreground" "-no-remote" "-profile" "C:\\Users\\PC-Casa\\AppData\\Local\\Temp\\rust_mozprofiletiUoAV"
*** You are running in headless mode.
1619606960136	Marionette	INFO	Marionette enabled
console.warn: SearchSettings: "get: No settings file exists, new profile?" (new Error("", "(unknown module)"))
1619606961504	Marionette	INFO	Listening on port 64963
1619606961791	Marionette	WARN	TLS certificate errors will be ignored for this session
Exiting due to channel error.
Exiting due to channel error.
1619607277106	geckodriver	INFO	Listening on 127.0.0.1:50037
1619607280115	mozrunner::runner	INFO	Running command: "C:\\Program Files\\Mozilla Firefox\\firefox.exe" "--marionette" "--headless" "--window-size=1920,1080" "-foreground" "-no-remote" "-profile" "C:\\Users\\PC-Casa\\AppData\\Local\\Temp\\rust_mozprofileNcfY3u"
*** You are running in headless mode.
1619607280599	Marionette	INFO	Marionette enabled
console.warn: SearchSettings: "get: No settings file exists, new profile?" (new Error("", "(unknown module)"))
1619607281948	Marionette	INFO	Listening on port 50045
1619607282167	Marionette	WARN	TLS certificate errors will be ignored for this session
1619607513899	geckodriver	INFO	Listening on 127.0.0.1:50140
1619607516932	mozrunner::runner	INFO	Running command: "C:\\Program Files\\Mozilla Firefox\\firefox.exe" "--marionette" "--headless" "--window-size=1920,1080" "-foreground" "-no-remote" "-profile" "C:\\Users\\PC-Casa\\AppData\\Local\\Temp\\rust_mozprofileU5JPfa"
*** You are running in headless mode.
1619607517468	Marionette	INFO	Marionette enabled
console.warn: SearchSettings: "get: No settings file exists, new profile?" (new Error("", "(unknown module)"))
1619607518926	Marionette	INFO	Listening on port 50148
1619607519007	Marionette	WARN	TLS certificate errors will be ignored for this session
1619607519022	Marionette	INFO	Stopped listening on port 50148
1619607528847	geckodriver	INFO	Listening on 127.0.0.1:50172
1619607531927	mozrunner::runner	INFO	Running command: "C:\\Program Files\\Mozilla Firefox\\firefox.exe" "--marionette" "--headless" "--window-size=1920,1080" "-foreground" "-no-remote" "-profile" "C:\\Users\\PC-Casa\\AppData\\Local\\Temp\\rust_mozprofileZInONj"
*** You are running in headless mode.
1619607532383	Marionette	INFO	Marionette enabled
console.warn: SearchSettings: "get: No settings file exists, new profile?" (new Error("", "(unknown module)"))
1619607533840	Marionette	INFO	Listening on port 50180
1619607533990	Marionette	WARN	TLS certificate errors will be ignored for this session
1619607534007	Marionette	INFO	Stopped listening on port 50180
1619607692419	geckodriver	INFO	Listening on 127.0.0.1:50384
1619607695475	mozrunner::runner	INFO	Running command: "C:\\Program Files\\Mozilla Firefox\\firefox.exe" "--marionette" "--headless" "--window-size=1920,1080" "-foreground" "-no-remote" "-profile" "C:\\Users\\PC-Casa\\AppData\\Local\\Temp\\rust_mozprofileMAXejZ"
*** You are running in headless mode.
1619607696007	Marionette	INFO	Marionette enabled
console.warn: SearchSettings: "get: No settings file exists, new profile?" (new Error("", "(unknown module)"))
1619607697419	Marionette	INFO	Listening on port 50392
1619607697556	Marionette	WARN	TLS certificate errors will be ignored for this session
1619607697573	Marionette	INFO	Stopped listening on port 50392
1619607707449	geckodriver	INFO	Listening on 127.0.0.1:50423
1619607710539	mozrunner::runner	INFO	Running command: "C:\\Program Files\\Mozilla Firefox\\firefox.exe" "--marionette" "--headless" "--window-size=1920,1080" "-foreground" "-no-remote" "-profile" "C:\\Users\\PC-Casa\\AppData\\Local\\Temp\\rust_mozprofileWmdj1Q"
*** You are running in headless mode.
1619607710982	Marionette	INFO	Marionette enabled
console.warn: SearchSettings: "get: No settings file exists, new profile?" (new Error("", "(unknown module)"))
1619607712444	Marionette	INFO	Listening on port 50431
1619607712626	Marionette	WARN	TLS certificate errors will be ignored for this session
1619607712645	Marionette	INFO	Stopped listening on port 50431

###!!! [Child][RunMessage] Error: Channel closing: too late to send/recv, messages will be lost

1619607779989	geckodriver	INFO	Listening on 127.0.0.1:50547
1619607783077	mozrunner::runner	INFO	Running command: "C:\\Program Files\\Mozilla Firefox\\firefox.exe" "--marionette" "--headless" "--window-size=1920,1080" "-foreground" "-no-remote" "-profile" "C:\\Users\\PC-Casa\\AppData\\Local\\Temp\\rust_mozprofileWGwrZW"
*** You are running in headless mode.
1619607783551	Marionette	INFO	Marionette enabled
console.warn: SearchSettings: "get: No settings file exists, new profile?" (new Error("", "(unknown module)"))
1619607784992	Marionette	INFO	Listening on port 50555
1619607785154	Marionette	WARN	TLS certificate errors will be ignored for this session
1619607785174	Marionette	INFO	Stopped listening on port 50555

###!!! [Child][RunMessage] Error: Channel closing: too late to send/recv, messages will be lost

1619607795069	geckodriver	INFO	Listening on 127.0.0.1:50583
1619607798148	mozrunner::runner	INFO	Running command: "C:\\Program Files\\Mozilla Firefox\\firefox.exe" "--marionette" "--headless" "--window-size=1920,1080" "-foreground" "-no-remote" "-profile" "C:\\Users\\PC-Casa\\AppData\\Local\\Temp\\rust_mozprofileeaVWqw"
*** You are running in headless mode.
1619607798719	Marionette	INFO	Marionette enabled
console.warn: SearchSettings: "get: No settings file exists, new profile?" (new Error("", "(unknown module)"))
1619607800332	Marionette	INFO	Listening on port 50591
1619607800836	Marionette	WARN	TLS certificate errors will be ignored for this session
1619607800859	Marionette	INFO	Stopped listening on port 50591
1619608080179	geckodriver	INFO	Listening on 127.0.0.1:50848
1619608083299	mozrunner::runner	INFO	Running command: "C:\\Program Files\\Mozilla Firefox\\firefox.exe" "--marionette" "--headless" "--window-size=1920,1080" "-foreground" "-no-remote" "-profile" "C:\\Users\\PC-Casa\\AppData\\Local\\Temp\\rust_mozprofileADlDvj"
*** You are running in headless mode.
1619608083774	Marionette	INFO	Marionette enabled
console.warn: SearchSettings: "get: No settings file exists, new profile?" (new Error("", "(unknown module)"))
1619608085144	Marionette	INFO	Listening on port 50856
1619608085395	Marionette	WARN	TLS certificate errors will be ignored for this session
1619608085410	Marionette	INFO	Stopped listening on port 50856
console.error: services.settings: 
  main/fxmonitor-breaches Signature failed  TypeError: NetworkError when attempting to fetch resource.
console.error: services.settings: 
  main/cfr-fxa Signature failed  TypeError: NetworkError when attempting to fetch resource.

###!!! [Parent][RunMessage] Error: Channel closing: too late to send/recv, messages will be lost

1619608095170	geckodriver	INFO	Listening on 127.0.0.1:50888
1619608098309	mozrunner::runner	INFO	Running command: "C:\\Program Files\\Mozilla Firefox\\firefox.exe" "--marionette" "--headless" "--window-size=1920,1080" "-foreground" "-no-remote" "-profile" "C:\\Users\\PC-Casa\\AppData\\Local\\Temp\\rust_mozprofileCQmeWK"
*** You are running in headless mode.
1619608098795	Marionette	INFO	Marionette enabled
console.warn: SearchSettings: "get: No settings file exists, new profile?" (new Error("", "(unknown module)"))
1619608100546	Marionette	INFO	Listening on port 50896
1619608101015	Marionette	WARN	TLS certificate errors will be ignored for this session
1619608101031	Marionette	INFO	Stopped listening on port 50896
1619609206841	geckodriver	INFO	Listening on 127.0.0.1:51240
1619609209961	mozrunner::runner	INFO	Running command: "C:\\Program Files\\Mozilla Firefox\\firefox.exe" "--marionette" "--headless" "--window-size=1920,1080" "-foreground" "-no-remote" "-profile" "C:\\Users\\PC-Casa\\AppData\\Local\\Temp\\rust_mozprofilexqijjJ"
*** You are running in headless mode.
1619609210431	Marionette	INFO	Marionette enabled
console.warn: SearchSettings: "get: No settings file exists, new profile?" (new Error("", "(unknown module)"))
1619609211848	Marionette	INFO	Listening on port 51251
1619609212040	Marionette	WARN	TLS certificate errors will be ignored for this session
JavaScript error: , line 0: AbortError: The fetching process for the media resource was aborted by the user agent at the user's request.
JavaScript error: , line 0: AbortError: The fetching process for the media resource was aborted by the user agent at the user's request.
JavaScript error: , line 0: AbortError: The fetching process for the media resource was aborted by the user agent at the user's request.
1619609215254	Marionette	INFO	Stopped listening on port 51251
JavaScript error: resource:///actors/ContentMetaChild.jsm, line 179: InvalidStateError: JSWindowActorChild.sendAsyncMessage: JSWindowActorChild cannot send at the moment
1619609217011	geckodriver	INFO	Listening on 127.0.0.1:51304
1619609220061	mozrunner::runner	INFO	Running command: "C:\\Program Files\\Mozilla Firefox\\firefox.exe" "--marionette" "--headless" "--window-size=1920,1080" "-foreground" "-no-remote" "-profile" "C:\\Users\\PC-Casa\\AppData\\Local\\Temp\\rust_mozprofileAdwOEr"
*** You are running in headless mode.
1619609220524	Marionette	INFO	Marionette enabled
console.warn: SearchSettings: "get: No settings file exists, new profile?" (new Error("", "(unknown module)"))
1619609222147	Marionette	INFO	Listening on port 51313
1619609222220	Marionette	WARN	TLS certificate errors will be ignored for this session
JavaScript error: , line 0: AbortError: The fetching process for the media resource was aborted by the user agent at the user's request.
JavaScript error: , line 0: AbortError: The fetching process for the media resource was aborted by the user agent at the user's request.
JavaScript error: , line 0: AbortError: The fetching process for the media resource was aborted by the user agent at the user's request.
1619609225101	Marionette	INFO	Stopped listening on port 51313

###!!! [Child][MessageChannel] Error: (msgtype=0x6B0027,name=PNecko::Msg_RemoveRequestContext) Channel closing: too late to send/recv, messages will be lost


###!!! [Child][MessageChannel] Error: (msgtype=0x230032,name=PBrowser::Msg___delete__) Channel closing: too late to send/recv, messages will be lost


###!!! [Child][RunMessage] Error: Channel closing: too late to send/recv, messages will be lost

1619610571314	geckodriver	INFO	Listening on 127.0.0.1:51665
1619610574373	mozrunner::runner	INFO	Running command: "C:\\Program Files\\Mozilla Firefox\\firefox.exe" "--marionette" "--headless" "--window-size=1920,1080" "-foreground" "-no-remote" "-profile" "C:\\Users\\PC-Casa\\AppData\\Local\\Temp\\rust_mozprofileb5hAuU"
*** You are running in headless mode.
1619610574817	Marionette	INFO	Marionette enabled
console.warn: SearchSettings: "get: No settings file exists, new profile?" (new Error("", "(unknown module)"))
1619610576151	Marionette	INFO	Listening on port 51673
1619610576429	Marionette	WARN	TLS certificate errors will be ignored for this session
JavaScript error: , line 0: AbortError: The fetching process for the media resource was aborted by the user agent at the user's request.
JavaScript error: , line 0: AbortError: The fetching process for the media resource was aborted by the user agent at the user's request.
JavaScript error: , line 0: AbortError: The fetching process for the media resource was aborted by the user agent at the user's request.
1619610579032	Marionette	INFO	Stopped listening on port 51673
JavaScript error: resource:///actors/ContentMetaChild.jsm, line 179: InvalidStateError: JSWindowActorChild.sendAsyncMessage: JSWindowActorChild cannot send at the moment
1619610935284	geckodriver	INFO	Listening on 127.0.0.1:51889
1619610938375	mozrunner::runner	INFO	Running command: "C:\\Program Files\\Mozilla Firefox\\firefox.exe" "--marionette" "--headless" "--window-size=1920,1080" "-foreground" "-no-remote" "-profile" "C:\\Users\\PC-Casa\\AppData\\Local\\Temp\\rust_mozprofileprx8vy"
*** You are running in headless mode.
1619610938812	Marionette	INFO	Marionette enabled
console.warn: SearchSettings: "get: No settings file exists, new profile?" (new Error("", "(unknown module)"))
1619610940112	Marionette	INFO	Listening on port 51897
1619610940460	Marionette	WARN	TLS certificate errors will be ignored for this session
JavaScript error: , line 0: AbortError: The fetching process for the media resource was aborted by the user agent at the user's request.
JavaScript error: , line 0: AbortError: The fetching process for the media resource was aborted by the user agent at the user's request.
JavaScript error: , line 0: AbortError: The fetching process for the media resource was aborted by the user agent at the user's request.
1619610943380	Marionette	INFO	Stopped listening on port 51897

###!!! [Child][RunMessage] Error: Channel closing: too late to send/recv, messages will be lost

[Parent 10004, IPC I/O Parent] WARNING: file /builds/worker/checkouts/gecko/ipc/chromium/src/base/process_util_win.cc:167
1619611093305	geckodriver	INFO	Listening on 127.0.0.1:52040
1619611096344	mozrunner::runner	INFO	Running command: "C:\\Program Files\\Mozilla Firefox\\firefox.exe" "--marionette" "--headless" "--window-size=1920,1080" "-foreground" "-no-remote" "-profile" "C:\\Users\\PC-Casa\\AppData\\Local\\Temp\\rust_mozprofileHjBU9k"
*** You are running in headless mode.
1619611096818	Marionette	INFO	Marionette enabled
console.warn: SearchSettings: "get: No settings file exists, new profile?" (new Error("", "(unknown module)"))
1619611098171	Marionette	INFO	Listening on port 52048
1619611098431	Marionette	WARN	TLS certificate errors will be ignored for this session
1619611100546	Marionette	INFO	Stopped listening on port 52048
1619611419055	geckodriver	INFO	Listening on 127.0.0.1:52239
1619611422145	mozrunner::runner	INFO	Running command: "C:\\Program Files\\Mozilla Firefox\\firefox.exe" "--marionette" "--headless" "--window-size=1920,1080" "-foreground" "-no-remote" "-profile" "C:\\Users\\PC-Casa\\AppData\\Local\\Temp\\rust_mozprofile6mimfy"
*** You are running in headless mode.
1619611422637	Marionette	INFO	Marionette enabled
console.warn: SearchSettings: "get: No settings file exists, new profile?" (new Error("", "(unknown module)"))
1619611424241	Marionette	INFO	Listening on port 52247
1619611424334	Marionette	WARN	TLS certificate errors will be ignored for this session
JavaScript error: , line 0: AbortError: The fetching process for the media resource was aborted by the user agent at the user's request.
JavaScript error: , line 0: AbortError: The fetching process for the media resource was aborted by the user agent at the user's request.
JavaScript error: , line 0: AbortError: The fetching process for the media resource was aborted by the user agent at the user's request.
1619611427621	Marionette	INFO	Stopped listening on port 52247
1619611607575	geckodriver	INFO	Listening on 127.0.0.1:52403
1619611610655	mozrunner::runner	INFO	Running command: "C:\\Program Files\\Mozilla Firefox\\firefox.exe" "--marionette" "--headless" "--window-size=1920,1080" "-foreground" "-no-remote" "-profile" "C:\\Users\\PC-Casa\\AppData\\Local\\Temp\\rust_mozprofiledLU7hc"
*** You are running in headless mode.
1619611611129	Marionette	INFO	Marionette enabled
console.warn: SearchSettings: "get: No settings file exists, new profile?" (new Error("", "(unknown module)"))
1619611612569	Marionette	INFO	Listening on port 52411
1619611612763	Marionette	WARN	TLS certificate errors will be ignored for this session
Exiting due to channel error.
1619613023950	geckodriver	INFO	Listening on 127.0.0.1:50137
1619613027028	mozrunner::runner	INFO	Running command: "C:\\Program Files\\Mozilla Firefox\\firefox.exe" "--marionette" "--headless" "--window-size=1920,1080" "-foreground" "-no-remote" "-profile" "C:\\Users\\PC-Casa\\AppData\\Local\\Temp\\rust_mozprofile5O5HUw"
*** You are running in headless mode.
1619613027508	Marionette	INFO	Marionette enabled
console.warn: SearchSettings: "get: No settings file exists, new profile?" (new Error("", "(unknown module)"))
1619613028885	Marionette	INFO	Listening on port 50155
1619613029099	Marionette	WARN	TLS certificate errors will be ignored for this session
1619613031268	Marionette	INFO	Stopped listening on port 50155
